<?xml version="1.0" encoding="UTF-8"?>
<!-- Generated by org.testng.reporters.JUnitReportReporter -->
<testsuite hostname="LAPTOP-LBA2TQ26" failures="0" tests="1" name="Appium_Test.Test_Deadline.Appium_First" time="13.518" errors="0" timestamp="2023-09-06T16:58:29 BDT" skipped="0">
  <testcase classname="Appium_Test.Test_Deadline.Appium_First" name="AppiumTest" time="13.518"/>
</testsuite> <!-- Appium_Test.Test_Deadline.Appium_First -->
