<?xml version="1.0" encoding="UTF-8"?>
<!-- Generated by org.testng.reporters.JUnitReportReporter -->
<testsuite hostname="LAPTOP-LBA2TQ26" failures="0" tests="1" name="Appium_Test.Test_Deadline.Test_Scenario_2" time="1.142" errors="0" timestamp="2023-09-07T21:44:25 BDT" skipped="0">
  <testcase classname="Appium_Test.Test_Deadline.Test_Scenario_2" name="Test_Demo_2" time="1.142"/>
</testsuite> <!-- Appium_Test.Test_Deadline.Test_Scenario_2 -->
